#-----------------------------------------------------------
# Vivado v2018.2 (64-bit)
# SW Build 2258646 on Thu Jun 14 20:02:38 MDT 2018
# IP Build 2256618 on Thu Jun 14 22:10:49 MDT 2018
# Start of session at: Fri Aug  4 17:02:35 2023
# Process ID: 1329
# Current directory: /home/kenan/Documents/two_fifo
# Command line: vivado
# Log file: /home/kenan/Documents/two_fifo/vivado.log
# Journal file: /home/kenan/Documents/two_fifo/vivado.jou
#-----------------------------------------------------------
start_gui
open_project /home/kenan/Documents/two_fifo/two_fifo/two_fifo.xpr
Scanning sources...
Finished scanning sources
WARNING: [Project 1-509] GeneratedRun file for 'zynq_axi_smc_1_0_synth_1' not found
WARNING: [Project 1-509] GeneratedRun file for 'zynq_axi_dma_0_0_synth_1' not found
WARNING: [Project 1-509] GeneratedRun file for 'zynq_axis_data_fifo_0_0_synth_1' not found
WARNING: [Project 1-509] GeneratedRun file for 'zynq_axi_smc_0_synth_1' not found
WARNING: [Project 1-509] GeneratedRun file for 'zynq_processing_system7_0_0_synth_1' not found
WARNING: [Project 1-509] GeneratedRun file for 'zynq_rst_ps7_0_100M_0_synth_1' not found
WARNING: [Project 1-509] GeneratedRun file for 'zynq_auto_pc_0_synth_1' not found
WARNING: [Project 1-509] GeneratedRun file for 'zynq_axis_data_fifo_1_0_synth_1' not found
INFO: [IP_Flow 19-234] Refreshing IP repositories
INFO: [IP_Flow 19-1704] No user IP repositories specified
INFO: [IP_Flow 19-2313] Loaded Vivado IP repository '/tools/Xilinx/Vivado/2018.2/data/ip'.
WARNING: [IP_Flow 19-3664] IP 'zynq_processing_system7_0_0' generated file not found '/home/kenan/Documents/two_fifo/two_fifo/two_fifo.srcs/sources_1/bd/zynq/ip/zynq_processing_system7_0_0/zynq_processing_system7_0_0.dcp'. Please regenerate to continue.
WARNING: [IP_Flow 19-3664] IP 'zynq_processing_system7_0_0' generated file not found '/home/kenan/Documents/two_fifo/two_fifo/two_fifo.srcs/sources_1/bd/zynq/ip/zynq_processing_system7_0_0/zynq_processing_system7_0_0_stub.v'. Please regenerate to continue.
WARNING: [IP_Flow 19-3664] IP 'zynq_processing_system7_0_0' generated file not found '/home/kenan/Documents/two_fifo/two_fifo/two_fifo.srcs/sources_1/bd/zynq/ip/zynq_processing_system7_0_0/zynq_processing_system7_0_0_stub.vhdl'. Please regenerate to continue.
WARNING: [IP_Flow 19-3664] IP 'zynq_processing_system7_0_0' generated file not found '/home/kenan/Documents/two_fifo/two_fifo/two_fifo.srcs/sources_1/bd/zynq/ip/zynq_processing_system7_0_0/zynq_processing_system7_0_0_sim_netlist.v'. Please regenerate to continue.
WARNING: [IP_Flow 19-3664] IP 'zynq_processing_system7_0_0' generated file not found '/home/kenan/Documents/two_fifo/two_fifo/two_fifo.srcs/sources_1/bd/zynq/ip/zynq_processing_system7_0_0/zynq_processing_system7_0_0_sim_netlist.vhdl'. Please regenerate to continue.
WARNING: [IP_Flow 19-3664] IP 'zynq_axi_dma_0_0' generated file not found '/home/kenan/Documents/two_fifo/two_fifo/two_fifo.srcs/sources_1/bd/zynq/ip/zynq_axi_dma_0_0/zynq_axi_dma_0_0.dcp'. Please regenerate to continue.
WARNING: [IP_Flow 19-3664] IP 'zynq_axi_dma_0_0' generated file not found '/home/kenan/Documents/two_fifo/two_fifo/two_fifo.srcs/sources_1/bd/zynq/ip/zynq_axi_dma_0_0/zynq_axi_dma_0_0_stub.v'. Please regenerate to continue.
WARNING: [IP_Flow 19-3664] IP 'zynq_axi_dma_0_0' generated file not found '/home/kenan/Documents/two_fifo/two_fifo/two_fifo.srcs/sources_1/bd/zynq/ip/zynq_axi_dma_0_0/zynq_axi_dma_0_0_stub.vhdl'. Please regenerate to continue.
WARNING: [IP_Flow 19-3664] IP 'zynq_axi_dma_0_0' generated file not found '/home/kenan/Documents/two_fifo/two_fifo/two_fifo.srcs/sources_1/bd/zynq/ip/zynq_axi_dma_0_0/zynq_axi_dma_0_0_sim_netlist.v'. Please regenerate to continue.
WARNING: [IP_Flow 19-3664] IP 'zynq_axi_dma_0_0' generated file not found '/home/kenan/Documents/two_fifo/two_fifo/two_fifo.srcs/sources_1/bd/zynq/ip/zynq_axi_dma_0_0/zynq_axi_dma_0_0_sim_netlist.vhdl'. Please regenerate to continue.
WARNING: [IP_Flow 19-3664] IP 'zynq_rst_ps7_0_100M_0' generated file not found '/home/kenan/Documents/two_fifo/two_fifo/two_fifo.srcs/sources_1/bd/zynq/ip/zynq_rst_ps7_0_100M_0/zynq_rst_ps7_0_100M_0.dcp'. Please regenerate to continue.
WARNING: [IP_Flow 19-3664] IP 'zynq_rst_ps7_0_100M_0' generated file not found '/home/kenan/Documents/two_fifo/two_fifo/two_fifo.srcs/sources_1/bd/zynq/ip/zynq_rst_ps7_0_100M_0/zynq_rst_ps7_0_100M_0_stub.v'. Please regenerate to continue.
WARNING: [IP_Flow 19-3664] IP 'zynq_rst_ps7_0_100M_0' generated file not found '/home/kenan/Documents/two_fifo/two_fifo/two_fifo.srcs/sources_1/bd/zynq/ip/zynq_rst_ps7_0_100M_0/zynq_rst_ps7_0_100M_0_stub.vhdl'. Please regenerate to continue.
WARNING: [IP_Flow 19-3664] IP 'zynq_rst_ps7_0_100M_0' generated file not found '/home/kenan/Documents/two_fifo/two_fifo/two_fifo.srcs/sources_1/bd/zynq/ip/zynq_rst_ps7_0_100M_0/zynq_rst_ps7_0_100M_0_sim_netlist.v'. Please regenerate to continue.
WARNING: [IP_Flow 19-3664] IP 'zynq_rst_ps7_0_100M_0' generated file not found '/home/kenan/Documents/two_fifo/two_fifo/two_fifo.srcs/sources_1/bd/zynq/ip/zynq_rst_ps7_0_100M_0/zynq_rst_ps7_0_100M_0_sim_netlist.vhdl'. Please regenerate to continue.
WARNING: [IP_Flow 19-3664] IP 'zynq_axi_smc_0' generated file not found '/home/kenan/Documents/two_fifo/two_fifo/two_fifo.srcs/sources_1/bd/zynq/ip/zynq_axi_smc_0/zynq_axi_smc_0.dcp'. Please regenerate to continue.
WARNING: [IP_Flow 19-3664] IP 'zynq_axi_smc_0' generated file not found '/home/kenan/Documents/two_fifo/two_fifo/two_fifo.srcs/sources_1/bd/zynq/ip/zynq_axi_smc_0/zynq_axi_smc_0_stub.v'. Please regenerate to continue.
WARNING: [IP_Flow 19-3664] IP 'zynq_axi_smc_0' generated file not found '/home/kenan/Documents/two_fifo/two_fifo/two_fifo.srcs/sources_1/bd/zynq/ip/zynq_axi_smc_0/zynq_axi_smc_0_stub.vhdl'. Please regenerate to continue.
WARNING: [IP_Flow 19-3664] IP 'zynq_axi_smc_0' generated file not found '/home/kenan/Documents/two_fifo/two_fifo/two_fifo.srcs/sources_1/bd/zynq/ip/zynq_axi_smc_0/zynq_axi_smc_0_sim_netlist.v'. Please regenerate to continue.
WARNING: [IP_Flow 19-3664] IP 'zynq_axi_smc_0' generated file not found '/home/kenan/Documents/two_fifo/two_fifo/two_fifo.srcs/sources_1/bd/zynq/ip/zynq_axi_smc_0/zynq_axi_smc_0_sim_netlist.vhdl'. Please regenerate to continue.
WARNING: [IP_Flow 19-3664] IP 'zynq_axi_smc_1_0' generated file not found '/home/kenan/Documents/two_fifo/two_fifo/two_fifo.srcs/sources_1/bd/zynq/ip/zynq_axi_smc_1_0/zynq_axi_smc_1_0.dcp'. Please regenerate to continue.
WARNING: [IP_Flow 19-3664] IP 'zynq_axi_smc_1_0' generated file not found '/home/kenan/Documents/two_fifo/two_fifo/two_fifo.srcs/sources_1/bd/zynq/ip/zynq_axi_smc_1_0/zynq_axi_smc_1_0_stub.v'. Please regenerate to continue.
WARNING: [IP_Flow 19-3664] IP 'zynq_axi_smc_1_0' generated file not found '/home/kenan/Documents/two_fifo/two_fifo/two_fifo.srcs/sources_1/bd/zynq/ip/zynq_axi_smc_1_0/zynq_axi_smc_1_0_stub.vhdl'. Please regenerate to continue.
WARNING: [IP_Flow 19-3664] IP 'zynq_axi_smc_1_0' generated file not found '/home/kenan/Documents/two_fifo/two_fifo/two_fifo.srcs/sources_1/bd/zynq/ip/zynq_axi_smc_1_0/zynq_axi_smc_1_0_sim_netlist.v'. Please regenerate to continue.
WARNING: [IP_Flow 19-3664] IP 'zynq_axi_smc_1_0' generated file not found '/home/kenan/Documents/two_fifo/two_fifo/two_fifo.srcs/sources_1/bd/zynq/ip/zynq_axi_smc_1_0/zynq_axi_smc_1_0_sim_netlist.vhdl'. Please regenerate to continue.
WARNING: [IP_Flow 19-3664] IP 'zynq_axis_data_fifo_0_0' generated file not found '/home/kenan/Documents/two_fifo/two_fifo/two_fifo.srcs/sources_1/bd/zynq/ip/zynq_axis_data_fifo_0_0/zynq_axis_data_fifo_0_0.dcp'. Please regenerate to continue.
WARNING: [IP_Flow 19-3664] IP 'zynq_axis_data_fifo_0_0' generated file not found '/home/kenan/Documents/two_fifo/two_fifo/two_fifo.srcs/sources_1/bd/zynq/ip/zynq_axis_data_fifo_0_0/zynq_axis_data_fifo_0_0_stub.v'. Please regenerate to continue.
WARNING: [IP_Flow 19-3664] IP 'zynq_axis_data_fifo_0_0' generated file not found '/home/kenan/Documents/two_fifo/two_fifo/two_fifo.srcs/sources_1/bd/zynq/ip/zynq_axis_data_fifo_0_0/zynq_axis_data_fifo_0_0_stub.vhdl'. Please regenerate to continue.
WARNING: [IP_Flow 19-3664] IP 'zynq_axis_data_fifo_0_0' generated file not found '/home/kenan/Documents/two_fifo/two_fifo/two_fifo.srcs/sources_1/bd/zynq/ip/zynq_axis_data_fifo_0_0/zynq_axis_data_fifo_0_0_sim_netlist.v'. Please regenerate to continue.
WARNING: [IP_Flow 19-3664] IP 'zynq_axis_data_fifo_0_0' generated file not found '/home/kenan/Documents/two_fifo/two_fifo/two_fifo.srcs/sources_1/bd/zynq/ip/zynq_axis_data_fifo_0_0/zynq_axis_data_fifo_0_0_sim_netlist.vhdl'. Please regenerate to continue.
WARNING: [IP_Flow 19-3664] IP 'zynq_axis_data_fifo_1_0' generated file not found '/home/kenan/Documents/two_fifo/two_fifo/two_fifo.srcs/sources_1/bd/zynq/ip/zynq_axis_data_fifo_1_0/zynq_axis_data_fifo_1_0.dcp'. Please regenerate to continue.
WARNING: [IP_Flow 19-3664] IP 'zynq_axis_data_fifo_1_0' generated file not found '/home/kenan/Documents/two_fifo/two_fifo/two_fifo.srcs/sources_1/bd/zynq/ip/zynq_axis_data_fifo_1_0/zynq_axis_data_fifo_1_0_stub.v'. Please regenerate to continue.
WARNING: [IP_Flow 19-3664] IP 'zynq_axis_data_fifo_1_0' generated file not found '/home/kenan/Documents/two_fifo/two_fifo/two_fifo.srcs/sources_1/bd/zynq/ip/zynq_axis_data_fifo_1_0/zynq_axis_data_fifo_1_0_stub.vhdl'. Please regenerate to continue.
WARNING: [IP_Flow 19-3664] IP 'zynq_axis_data_fifo_1_0' generated file not found '/home/kenan/Documents/two_fifo/two_fifo/two_fifo.srcs/sources_1/bd/zynq/ip/zynq_axis_data_fifo_1_0/zynq_axis_data_fifo_1_0_sim_netlist.v'. Please regenerate to continue.
WARNING: [IP_Flow 19-3664] IP 'zynq_axis_data_fifo_1_0' generated file not found '/home/kenan/Documents/two_fifo/two_fifo/two_fifo.srcs/sources_1/bd/zynq/ip/zynq_axis_data_fifo_1_0/zynq_axis_data_fifo_1_0_sim_netlist.vhdl'. Please regenerate to continue.
WARNING: [IP_Flow 19-3664] IP 'zynq_auto_pc_0' generated file not found '/home/kenan/Documents/two_fifo/two_fifo/two_fifo.srcs/sources_1/bd/zynq/ip/zynq_auto_pc_0/zynq_auto_pc_0.dcp'. Please regenerate to continue.
WARNING: [IP_Flow 19-3664] IP 'zynq_auto_pc_0' generated file not found '/home/kenan/Documents/two_fifo/two_fifo/two_fifo.srcs/sources_1/bd/zynq/ip/zynq_auto_pc_0/zynq_auto_pc_0_stub.v'. Please regenerate to continue.
WARNING: [IP_Flow 19-3664] IP 'zynq_auto_pc_0' generated file not found '/home/kenan/Documents/two_fifo/two_fifo/two_fifo.srcs/sources_1/bd/zynq/ip/zynq_auto_pc_0/zynq_auto_pc_0_stub.vhdl'. Please regenerate to continue.
WARNING: [IP_Flow 19-3664] IP 'zynq_auto_pc_0' generated file not found '/home/kenan/Documents/two_fifo/two_fifo/two_fifo.srcs/sources_1/bd/zynq/ip/zynq_auto_pc_0/zynq_auto_pc_0_sim_netlist.v'. Please regenerate to continue.
WARNING: [IP_Flow 19-3664] IP 'zynq_auto_pc_0' generated file not found '/home/kenan/Documents/two_fifo/two_fifo/two_fifo.srcs/sources_1/bd/zynq/ip/zynq_auto_pc_0/zynq_auto_pc_0_sim_netlist.vhdl'. Please regenerate to continue.
open_project: Time (s): cpu = 00:00:13 ; elapsed = 00:00:07 . Memory (MB): peak = 6167.332 ; gain = 167.383 ; free physical = 1355 ; free virtual = 5910
update_compile_order -fileset sources_1
make_wrapper -files [get_files /home/kenan/Documents/two_fifo/two_fifo/two_fifo.srcs/sources_1/bd/zynq/zynq.bd] -top
add_files -norecurse /home/kenan/Documents/two_fifo/two_fifo/two_fifo.srcs/sources_1/bd/zynq/hdl/zynq_wrapper.v
open_bd_design {/home/kenan/Documents/two_fifo/two_fifo/two_fifo.srcs/sources_1/bd/zynq/zynq.bd}
Adding cell -- xilinx.com:ip:processing_system7:5.5 - processing_system7_0
Adding cell -- xilinx.com:ip:axi_dma:7.1 - axi_dma_conv
Adding cell -- xilinx.com:ip:proc_sys_reset:5.0 - rst_ps7_0_100M
Adding cell -- xilinx.com:ip:smartconnect:1.0 - axi_smc
Adding cell -- xilinx.com:ip:smartconnect:1.0 - axi_smc_1
Adding cell -- xilinx.com:ip:axis_data_fifo:1.1 - axis_data_fifo_0
Adding cell -- xilinx.com:ip:axis_data_fifo:1.1 - axis_data_fifo_1
Adding cell -- xilinx.com:ip:axi_protocol_converter:2.1 - auto_pc
Successfully read diagram <zynq> from BD file </home/kenan/Documents/two_fifo/two_fifo/two_fifo.srcs/sources_1/bd/zynq/zynq.bd>
launch_runs impl_1 -to_step write_bitstream -jobs 2
[Fri Aug  4 17:04:25 2023] Launched zynq_axi_smc_1_0_synth_1, zynq_axi_dma_0_0_synth_1, zynq_axis_data_fifo_0_0_synth_1, zynq_axi_smc_0_synth_1, zynq_processing_system7_0_0_synth_1, zynq_rst_ps7_0_100M_0_synth_1, zynq_auto_pc_0_synth_1, zynq_axis_data_fifo_1_0_synth_1, synth_1...
Run output will be captured here:
zynq_axi_smc_1_0_synth_1: /home/kenan/Documents/two_fifo/two_fifo/two_fifo.runs/zynq_axi_smc_1_0_synth_1/runme.log
zynq_axi_dma_0_0_synth_1: /home/kenan/Documents/two_fifo/two_fifo/two_fifo.runs/zynq_axi_dma_0_0_synth_1/runme.log
zynq_axis_data_fifo_0_0_synth_1: /home/kenan/Documents/two_fifo/two_fifo/two_fifo.runs/zynq_axis_data_fifo_0_0_synth_1/runme.log
zynq_axi_smc_0_synth_1: /home/kenan/Documents/two_fifo/two_fifo/two_fifo.runs/zynq_axi_smc_0_synth_1/runme.log
zynq_processing_system7_0_0_synth_1: /home/kenan/Documents/two_fifo/two_fifo/two_fifo.runs/zynq_processing_system7_0_0_synth_1/runme.log
zynq_rst_ps7_0_100M_0_synth_1: /home/kenan/Documents/two_fifo/two_fifo/two_fifo.runs/zynq_rst_ps7_0_100M_0_synth_1/runme.log
zynq_auto_pc_0_synth_1: /home/kenan/Documents/two_fifo/two_fifo/two_fifo.runs/zynq_auto_pc_0_synth_1/runme.log
zynq_axis_data_fifo_1_0_synth_1: /home/kenan/Documents/two_fifo/two_fifo/two_fifo.runs/zynq_axis_data_fifo_1_0_synth_1/runme.log
synth_1: /home/kenan/Documents/two_fifo/two_fifo/two_fifo.runs/synth_1/runme.log
[Fri Aug  4 17:04:26 2023] Launched impl_1...
Run output will be captured here: /home/kenan/Documents/two_fifo/two_fifo/two_fifo.runs/impl_1/runme.log
WARNING: [IP_Flow 19-3899] Cannot get the environment domain name variable for the component vendor name. Setting the vendor name to 'user.org'.
reset_run synth_1
reset_run zynq_axi_smc_1_0_synth_1
reset_run zynq_axi_dma_0_0_synth_1
reset_run zynq_axis_data_fifo_0_0_synth_1
reset_run zynq_axi_smc_0_synth_1
reset_run zynq_processing_system7_0_0_synth_1
reset_run zynq_rst_ps7_0_100M_0_synth_1
reset_run zynq_auto_pc_0_synth_1
reset_run zynq_axis_data_fifo_1_0_synth_1
launch_runs impl_1 -to_step write_bitstream -jobs 2
[Sat Aug  5 19:22:44 2023] Launched zynq_axi_smc_1_0_synth_1, zynq_axi_dma_0_0_synth_1, zynq_axis_data_fifo_0_0_synth_1, zynq_axi_smc_0_synth_1, zynq_processing_system7_0_0_synth_1, zynq_rst_ps7_0_100M_0_synth_1, zynq_auto_pc_0_synth_1, zynq_axis_data_fifo_1_0_synth_1, synth_1...
Run output will be captured here:
zynq_axi_smc_1_0_synth_1: /home/kenan/Documents/two_fifo/two_fifo/two_fifo.runs/zynq_axi_smc_1_0_synth_1/runme.log
zynq_axi_dma_0_0_synth_1: /home/kenan/Documents/two_fifo/two_fifo/two_fifo.runs/zynq_axi_dma_0_0_synth_1/runme.log
zynq_axis_data_fifo_0_0_synth_1: /home/kenan/Documents/two_fifo/two_fifo/two_fifo.runs/zynq_axis_data_fifo_0_0_synth_1/runme.log
zynq_axi_smc_0_synth_1: /home/kenan/Documents/two_fifo/two_fifo/two_fifo.runs/zynq_axi_smc_0_synth_1/runme.log
zynq_processing_system7_0_0_synth_1: /home/kenan/Documents/two_fifo/two_fifo/two_fifo.runs/zynq_processing_system7_0_0_synth_1/runme.log
zynq_rst_ps7_0_100M_0_synth_1: /home/kenan/Documents/two_fifo/two_fifo/two_fifo.runs/zynq_rst_ps7_0_100M_0_synth_1/runme.log
zynq_auto_pc_0_synth_1: /home/kenan/Documents/two_fifo/two_fifo/two_fifo.runs/zynq_auto_pc_0_synth_1/runme.log
zynq_axis_data_fifo_1_0_synth_1: /home/kenan/Documents/two_fifo/two_fifo/two_fifo.runs/zynq_axis_data_fifo_1_0_synth_1/runme.log
synth_1: /home/kenan/Documents/two_fifo/two_fifo/two_fifo.runs/synth_1/runme.log
[Sat Aug  5 19:22:45 2023] Launched impl_1...
Run output will be captured here: /home/kenan/Documents/two_fifo/two_fifo/two_fifo.runs/impl_1/runme.log
open_run impl_1
INFO: [Netlist 29-17] Analyzing 168 Unisim elements for replacement
INFO: [Netlist 29-28] Unisim Transformation completed in 0 CPU seconds
INFO: [Project 1-479] Netlist was created with Vivado 2018.2
INFO: [Device 21-403] Loading part xc7z020clg400-1
INFO: [Project 1-570] Preparing netlist for logic optimization
INFO: [Timing 38-478] Restoring timing data from binary archive.
INFO: [Timing 38-479] Binary timing data restore complete.
INFO: [Project 1-856] Restoring constraints from binary archive.
INFO: [Project 1-853] Binary constraint restore complete.
Reading XDEF placement.
Reading placer database...
Reading XDEF routing.
Read XDEF File: Time (s): cpu = 00:00:00.68 ; elapsed = 00:00:00.68 . Memory (MB): peak = 7091.867 ; gain = 0.000 ; free physical = 1041 ; free virtual = 5187
Restored from archive | CPU: 0.680000 secs | Memory: 9.614479 MB |
Finished XDEF File Restore: Time (s): cpu = 00:00:00.68 ; elapsed = 00:00:00.69 . Memory (MB): peak = 7091.867 ; gain = 0.000 ; free physical = 1041 ; free virtual = 5187
INFO: [Project 1-111] Unisim Transformation Summary:
  A total of 49 instances were transformed.
  RAM32M => RAM32M (RAMD32, RAMD32, RAMD32, RAMD32, RAMD32, RAMD32, RAMS32, RAMS32): 49 instances

open_run: Time (s): cpu = 00:00:30 ; elapsed = 00:00:47 . Memory (MB): peak = 7264.242 ; gain = 806.738 ; free physical = 951 ; free virtual = 5106
write_project_tcl -use_bd_files {/home/kenan/Documents/two_fifo/two_nonhier.tcl}
INFO: [Vivado-projutils-8] Tcl script 'two_nonhier.tcl' generated in output directory '/home/kenan/Documents/two_fifo'

INFO: [Vivado-projutils-15] Please note that by default, the file path for the project source files were set wth respect to the 'origin_dir' variable in the
 generated script. When this script is executed from the output directory, these source files will be referenced with respect to this 'origin_dir' path value.
 In case this script was later moved to a different directory, the 'origin_dir' value must be set manually in the script with the path
 relative to the new output directory to make sure that the source files are referenced correctly from the original project. You can also set the
 'origin_dir' automatically by setting the 'origin_dir_loc' variable in the tcl shell before sourcing this generated script. The 'origin_dir_loc'
 variable should be set to the path relative to the new output directory. Alternatively, if you are sourcing the script from the Vivado command line,
 then set the origin dir using '-tclargs --origin_dir <path>'. For example, 'vivado -mode tcl -source two_nonhier.tcl -tclargs --origin_dir ".."

WARNING: [Vivado-projutils-10] Found source(s) that were local or imported into the project. If this project is being source controlled, then
 please ensure that the project source(s) are also part of this source controlled data. The list of these local source(s) can be found in the generated script
 under the header section.

write_project_tcl: Time (s): cpu = 00:00:10 ; elapsed = 00:00:07 . Memory (MB): peak = 7264.242 ; gain = 0.000 ; free physical = 903 ; free virtual = 5055
