
*** Running vivado
    with args -log zynq_wrapper.vdi -applog -m64 -product Vivado -messageDb vivado.pb -mode batch -source zynq_wrapper.tcl -notrace


****** Vivado v2018.2 (64-bit)
  **** SW Build 2258646 on Thu Jun 14 20:03:12 MDT 2018
  **** IP Build 2256618 on Thu Jun 14 22:10:49 MDT 2018
    ** Copyright 1986-2018 Xilinx, Inc. All Rights Reserved.

Sourcing tcl script 'C:/Users/kge7/AppData/Roaming/Xilinx/Vivado/Vivado_init.tcl'
source zynq_wrapper.tcl -notrace
WARNING: [Board 49-91] Board repository path 'C:XilinxVivado8.2dataoardsoard_filespynq-z2A.0' does not exist, it will not be used to search board files.
INFO: [IP_Flow 19-234] Refreshing IP repositories
INFO: [IP_Flow 19-1704] No user IP repositories specified
INFO: [IP_Flow 19-2313] Loaded Vivado IP repository 'C:/Xilinx/Vivado/2018.2/data/ip'.
Command: link_design -top zynq_wrapper -part xc7z020clg400-1
Design is defaulting to srcset: sources_1
Design is defaulting to constrset: constrs_1
INFO: [Project 1-454] Reading design checkpoint 'c:/Users/kge7/Documents/GitHub/two_fifo/two_fifo/two_fifo.srcs/sources_1/bd/zynq/ip/zynq_axi_dma_0_0/zynq_axi_dma_0_0.dcp' for cell 'zynq_i/axi_dma_conv'
INFO: [Project 1-454] Reading design checkpoint 'c:/Users/kge7/Documents/GitHub/two_fifo/two_fifo/two_fifo.srcs/sources_1/bd/zynq/ip/zynq_axi_smc_0/zynq_axi_smc_0.dcp' for cell 'zynq_i/axi_smc'
INFO: [Project 1-454] Reading design checkpoint 'c:/Users/kge7/Documents/GitHub/two_fifo/two_fifo/two_fifo.srcs/sources_1/bd/zynq/ip/zynq_axi_smc_1_0/zynq_axi_smc_1_0.dcp' for cell 'zynq_i/axi_smc_1'
INFO: [Project 1-454] Reading design checkpoint 'c:/Users/kge7/Documents/GitHub/two_fifo/two_fifo/two_fifo.srcs/sources_1/bd/zynq/ip/zynq_axis_data_fifo_0_0/zynq_axis_data_fifo_0_0.dcp' for cell 'zynq_i/axis_data_fifo_0'
INFO: [Project 1-454] Reading design checkpoint 'c:/Users/kge7/Documents/GitHub/two_fifo/two_fifo/two_fifo.srcs/sources_1/bd/zynq/ip/zynq_axis_data_fifo_1_0/zynq_axis_data_fifo_1_0.dcp' for cell 'zynq_i/axis_data_fifo_1'
INFO: [Project 1-454] Reading design checkpoint 'c:/Users/kge7/Documents/GitHub/two_fifo/two_fifo/two_fifo.srcs/sources_1/bd/zynq/ip/zynq_processing_system7_0_0/zynq_processing_system7_0_0.dcp' for cell 'zynq_i/processing_system7_0'
INFO: [Project 1-454] Reading design checkpoint 'c:/Users/kge7/Documents/GitHub/two_fifo/two_fifo/two_fifo.srcs/sources_1/bd/zynq/ip/zynq_rst_ps7_0_100M_0/zynq_rst_ps7_0_100M_0.dcp' for cell 'zynq_i/rst_ps7_0_100M'
INFO: [Project 1-454] Reading design checkpoint 'c:/Users/kge7/Documents/GitHub/two_fifo/two_fifo/two_fifo.srcs/sources_1/bd/zynq/ip/zynq_auto_pc_0/zynq_auto_pc_0.dcp' for cell 'zynq_i/ps7_0_axi_periph/s00_couplers/auto_pc'
INFO: [Netlist 29-17] Analyzing 245 Unisim elements for replacement
INFO: [Netlist 29-28] Unisim Transformation completed in 0 CPU seconds
INFO: [Project 1-479] Netlist was created with Vivado 2018.2
INFO: [Device 21-403] Loading part xc7z020clg400-1
INFO: [Project 1-570] Preparing netlist for logic optimization
Parsing XDC File [c:/Users/kge7/Documents/GitHub/two_fifo/two_fifo/two_fifo.srcs/sources_1/bd/zynq/ip/zynq_processing_system7_0_0/zynq_processing_system7_0_0.xdc] for cell 'zynq_i/processing_system7_0/inst'
Finished Parsing XDC File [c:/Users/kge7/Documents/GitHub/two_fifo/two_fifo/two_fifo.srcs/sources_1/bd/zynq/ip/zynq_processing_system7_0_0/zynq_processing_system7_0_0.xdc] for cell 'zynq_i/processing_system7_0/inst'
Parsing XDC File [c:/Users/kge7/Documents/GitHub/two_fifo/two_fifo/two_fifo.srcs/sources_1/bd/zynq/ip/zynq_axi_dma_0_0/zynq_axi_dma_0_0.xdc] for cell 'zynq_i/axi_dma_conv/U0'
Finished Parsing XDC File [c:/Users/kge7/Documents/GitHub/two_fifo/two_fifo/two_fifo.srcs/sources_1/bd/zynq/ip/zynq_axi_dma_0_0/zynq_axi_dma_0_0.xdc] for cell 'zynq_i/axi_dma_conv/U0'
Parsing XDC File [c:/Users/kge7/Documents/GitHub/two_fifo/two_fifo/two_fifo.srcs/sources_1/bd/zynq/ip/zynq_rst_ps7_0_100M_0/zynq_rst_ps7_0_100M_0_board.xdc] for cell 'zynq_i/rst_ps7_0_100M/U0'
Finished Parsing XDC File [c:/Users/kge7/Documents/GitHub/two_fifo/two_fifo/two_fifo.srcs/sources_1/bd/zynq/ip/zynq_rst_ps7_0_100M_0/zynq_rst_ps7_0_100M_0_board.xdc] for cell 'zynq_i/rst_ps7_0_100M/U0'
Parsing XDC File [c:/Users/kge7/Documents/GitHub/two_fifo/two_fifo/two_fifo.srcs/sources_1/bd/zynq/ip/zynq_rst_ps7_0_100M_0/zynq_rst_ps7_0_100M_0.xdc] for cell 'zynq_i/rst_ps7_0_100M/U0'
Finished Parsing XDC File [c:/Users/kge7/Documents/GitHub/two_fifo/two_fifo/two_fifo.srcs/sources_1/bd/zynq/ip/zynq_rst_ps7_0_100M_0/zynq_rst_ps7_0_100M_0.xdc] for cell 'zynq_i/rst_ps7_0_100M/U0'
Parsing XDC File [c:/Users/kge7/Documents/GitHub/two_fifo/two_fifo/two_fifo.srcs/sources_1/bd/zynq/ip/zynq_axi_smc_0/bd_0/ip/ip_1/bd_7cab_psr_aclk_0_board.xdc] for cell 'zynq_i/axi_smc/inst/clk_map/psr_aclk/U0'
Finished Parsing XDC File [c:/Users/kge7/Documents/GitHub/two_fifo/two_fifo/two_fifo.srcs/sources_1/bd/zynq/ip/zynq_axi_smc_0/bd_0/ip/ip_1/bd_7cab_psr_aclk_0_board.xdc] for cell 'zynq_i/axi_smc/inst/clk_map/psr_aclk/U0'
Parsing XDC File [c:/Users/kge7/Documents/GitHub/two_fifo/two_fifo/two_fifo.srcs/sources_1/bd/zynq/ip/zynq_axi_smc_0/bd_0/ip/ip_1/bd_7cab_psr_aclk_0.xdc] for cell 'zynq_i/axi_smc/inst/clk_map/psr_aclk/U0'
Finished Parsing XDC File [c:/Users/kge7/Documents/GitHub/two_fifo/two_fifo/two_fifo.srcs/sources_1/bd/zynq/ip/zynq_axi_smc_0/bd_0/ip/ip_1/bd_7cab_psr_aclk_0.xdc] for cell 'zynq_i/axi_smc/inst/clk_map/psr_aclk/U0'
Parsing XDC File [c:/Users/kge7/Documents/GitHub/two_fifo/two_fifo/two_fifo.srcs/sources_1/bd/zynq/ip/zynq_axi_smc_1_0/bd_0/ip/ip_1/bd_f516_psr_aclk_0_board.xdc] for cell 'zynq_i/axi_smc_1/inst/clk_map/psr_aclk/U0'
Finished Parsing XDC File [c:/Users/kge7/Documents/GitHub/two_fifo/two_fifo/two_fifo.srcs/sources_1/bd/zynq/ip/zynq_axi_smc_1_0/bd_0/ip/ip_1/bd_f516_psr_aclk_0_board.xdc] for cell 'zynq_i/axi_smc_1/inst/clk_map/psr_aclk/U0'
Parsing XDC File [c:/Users/kge7/Documents/GitHub/two_fifo/two_fifo/two_fifo.srcs/sources_1/bd/zynq/ip/zynq_axi_smc_1_0/bd_0/ip/ip_1/bd_f516_psr_aclk_0.xdc] for cell 'zynq_i/axi_smc_1/inst/clk_map/psr_aclk/U0'
Finished Parsing XDC File [c:/Users/kge7/Documents/GitHub/two_fifo/two_fifo/two_fifo.srcs/sources_1/bd/zynq/ip/zynq_axi_smc_1_0/bd_0/ip/ip_1/bd_f516_psr_aclk_0.xdc] for cell 'zynq_i/axi_smc_1/inst/clk_map/psr_aclk/U0'
Parsing XDC File [c:/Users/kge7/Documents/GitHub/two_fifo/two_fifo/two_fifo.srcs/sources_1/bd/zynq/ip/zynq_axis_data_fifo_0_0/zynq_axis_data_fifo_0_0/zynq_axis_data_fifo_0_0.xdc] for cell 'zynq_i/axis_data_fifo_0/inst'
Finished Parsing XDC File [c:/Users/kge7/Documents/GitHub/two_fifo/two_fifo/two_fifo.srcs/sources_1/bd/zynq/ip/zynq_axis_data_fifo_0_0/zynq_axis_data_fifo_0_0/zynq_axis_data_fifo_0_0.xdc] for cell 'zynq_i/axis_data_fifo_0/inst'
Parsing XDC File [c:/Users/kge7/Documents/GitHub/two_fifo/two_fifo/two_fifo.srcs/sources_1/bd/zynq/ip/zynq_axis_data_fifo_1_0/zynq_axis_data_fifo_1_0/zynq_axis_data_fifo_1_0.xdc] for cell 'zynq_i/axis_data_fifo_1/inst'
Finished Parsing XDC File [c:/Users/kge7/Documents/GitHub/two_fifo/two_fifo/two_fifo.srcs/sources_1/bd/zynq/ip/zynq_axis_data_fifo_1_0/zynq_axis_data_fifo_1_0/zynq_axis_data_fifo_1_0.xdc] for cell 'zynq_i/axis_data_fifo_1/inst'
Parsing XDC File [c:/Users/kge7/Documents/GitHub/two_fifo/two_fifo/two_fifo.srcs/sources_1/bd/zynq/ip/zynq_axi_dma_0_0/zynq_axi_dma_0_0_clocks.xdc] for cell 'zynq_i/axi_dma_conv/U0'
Finished Parsing XDC File [c:/Users/kge7/Documents/GitHub/two_fifo/two_fifo/two_fifo.srcs/sources_1/bd/zynq/ip/zynq_axi_dma_0_0/zynq_axi_dma_0_0_clocks.xdc] for cell 'zynq_i/axi_dma_conv/U0'
Sourcing Tcl File [C:/Xilinx/Vivado/2018.2/data/ip/xpm/xpm_cdc/tcl/xpm_cdc_sync_rst.tcl] for cell 'zynq_i/axis_data_fifo_0/inst/gen_fifo_generator.fifo_generator_inst/inst_fifo_gen/gaxis_fifo.gaxisf.axisf/grf.rf/rstblk/ngwrdrst.grst.g7serrst.gsckt_wrst.xpm_cdc_sync_rst_inst_wrst'
Finished Sourcing Tcl File [C:/Xilinx/Vivado/2018.2/data/ip/xpm/xpm_cdc/tcl/xpm_cdc_sync_rst.tcl] for cell 'zynq_i/axis_data_fifo_0/inst/gen_fifo_generator.fifo_generator_inst/inst_fifo_gen/gaxis_fifo.gaxisf.axisf/grf.rf/rstblk/ngwrdrst.grst.g7serrst.gsckt_wrst.xpm_cdc_sync_rst_inst_wrst'
Sourcing Tcl File [C:/Xilinx/Vivado/2018.2/data/ip/xpm/xpm_cdc/tcl/xpm_cdc_sync_rst.tcl] for cell 'zynq_i/axis_data_fifo_1/inst/gen_fifo_generator.fifo_generator_inst/inst_fifo_gen/gaxis_fifo.gaxisf.axisf/grf.rf/rstblk/ngwrdrst.grst.g7serrst.gsckt_wrst.xpm_cdc_sync_rst_inst_wrst'
Finished Sourcing Tcl File [C:/Xilinx/Vivado/2018.2/data/ip/xpm/xpm_cdc/tcl/xpm_cdc_sync_rst.tcl] for cell 'zynq_i/axis_data_fifo_1/inst/gen_fifo_generator.fifo_generator_inst/inst_fifo_gen/gaxis_fifo.gaxisf.axisf/grf.rf/rstblk/ngwrdrst.grst.g7serrst.gsckt_wrst.xpm_cdc_sync_rst_inst_wrst'
Sourcing Tcl File [C:/Xilinx/Vivado/2018.2/data/ip/xpm/xpm_fifo/tcl/xpm_fifo_rst.tcl] for cell 'zynq_i/axi_dma_conv/U0/GEN_SG_ENGINE.I_SG_ENGINE/I_SG_FETCH_QUEUE/GEN_QUEUE.FTCH_QUEUE_I/GEN_MM2S.CONTROL_STREAM.I_MM2S_CNTRL_STREAM/GEN_SYNC_FIFO.I_CNTRL_FIFO/xpm_fifo_instance.xpm_fifo_sync_inst/xpm_fifo_base_inst'
Finished Sourcing Tcl File [C:/Xilinx/Vivado/2018.2/data/ip/xpm/xpm_fifo/tcl/xpm_fifo_rst.tcl] for cell 'zynq_i/axi_dma_conv/U0/GEN_SG_ENGINE.I_SG_ENGINE/I_SG_FETCH_QUEUE/GEN_QUEUE.FTCH_QUEUE_I/GEN_MM2S.CONTROL_STREAM.I_MM2S_CNTRL_STREAM/GEN_SYNC_FIFO.I_CNTRL_FIFO/xpm_fifo_instance.xpm_fifo_sync_inst/xpm_fifo_base_inst'
Sourcing Tcl File [C:/Xilinx/Vivado/2018.2/data/ip/xpm/xpm_fifo/tcl/xpm_fifo_rst.tcl] for cell 'zynq_i/axi_dma_conv/U0/I_PRMRY_DATAMOVER/GEN_MM2S_FULL.I_MM2S_FULL_WRAPPER/GEN_INCLUDE_MM2S_SF.I_RD_SF/I_DATA_FIFO/BLK_MEM.I_SYNC_FIFOGEN_FIFO/xpm_fifo_instance.xpm_fifo_sync_inst/xpm_fifo_base_inst'
Finished Sourcing Tcl File [C:/Xilinx/Vivado/2018.2/data/ip/xpm/xpm_fifo/tcl/xpm_fifo_rst.tcl] for cell 'zynq_i/axi_dma_conv/U0/I_PRMRY_DATAMOVER/GEN_MM2S_FULL.I_MM2S_FULL_WRAPPER/GEN_INCLUDE_MM2S_SF.I_RD_SF/I_DATA_FIFO/BLK_MEM.I_SYNC_FIFOGEN_FIFO/xpm_fifo_instance.xpm_fifo_sync_inst/xpm_fifo_base_inst'
Sourcing Tcl File [C:/Xilinx/Vivado/2018.2/data/ip/xpm/xpm_fifo/tcl/xpm_fifo_rst.tcl] for cell 'zynq_i/axi_dma_conv/U0/I_PRMRY_DATAMOVER/GEN_S2MM_FULL.I_S2MM_FULL_WRAPPER/GEN_ENABLE_INDET_BTT_SF.I_INDET_BTT/I_XD_FIFO/NON_BLK_MEM.I_SYNC_FIFOGEN_FIFO/xpm_fifo_instance.xpm_fifo_sync_inst/xpm_fifo_base_inst'
Finished Sourcing Tcl File [C:/Xilinx/Vivado/2018.2/data/ip/xpm/xpm_fifo/tcl/xpm_fifo_rst.tcl] for cell 'zynq_i/axi_dma_conv/U0/I_PRMRY_DATAMOVER/GEN_S2MM_FULL.I_S2MM_FULL_WRAPPER/GEN_ENABLE_INDET_BTT_SF.I_INDET_BTT/I_XD_FIFO/NON_BLK_MEM.I_SYNC_FIFOGEN_FIFO/xpm_fifo_instance.xpm_fifo_sync_inst/xpm_fifo_base_inst'
Sourcing Tcl File [C:/Xilinx/Vivado/2018.2/data/ip/xpm/xpm_fifo/tcl/xpm_fifo_rst.tcl] for cell 'zynq_i/axi_dma_conv/U0/I_PRMRY_DATAMOVER/GEN_S2MM_FULL.I_S2MM_FULL_WRAPPER/GEN_ENABLE_INDET_BTT_SF.I_INDET_BTT/I_DATA_FIFO/BLK_MEM.I_SYNC_FIFOGEN_FIFO/xpm_fifo_instance.xpm_fifo_sync_inst/xpm_fifo_base_inst'
Finished Sourcing Tcl File [C:/Xilinx/Vivado/2018.2/data/ip/xpm/xpm_fifo/tcl/xpm_fifo_rst.tcl] for cell 'zynq_i/axi_dma_conv/U0/I_PRMRY_DATAMOVER/GEN_S2MM_FULL.I_S2MM_FULL_WRAPPER/GEN_ENABLE_INDET_BTT_SF.I_INDET_BTT/I_DATA_FIFO/BLK_MEM.I_SYNC_FIFOGEN_FIFO/xpm_fifo_instance.xpm_fifo_sync_inst/xpm_fifo_base_inst'
Sourcing Tcl File [C:/Xilinx/Vivado/2018.2/data/ip/xpm/xpm_memory/tcl/xpm_memory_xdc.tcl] for cell 'zynq_i/axi_smc/inst/s00_nodes/s00_ar_node/inst/inst_mi_handler/gen_normal_area.inst_fifo_node_payld/gen_xpm_memory_fifo.inst_fifo/gen_mem_rep[0].inst_xpm_memory'
Finished Sourcing Tcl File [C:/Xilinx/Vivado/2018.2/data/ip/xpm/xpm_memory/tcl/xpm_memory_xdc.tcl] for cell 'zynq_i/axi_smc/inst/s00_nodes/s00_ar_node/inst/inst_mi_handler/gen_normal_area.inst_fifo_node_payld/gen_xpm_memory_fifo.inst_fifo/gen_mem_rep[0].inst_xpm_memory'
Sourcing Tcl File [C:/Xilinx/Vivado/2018.2/data/ip/xpm/xpm_memory/tcl/xpm_memory_xdc.tcl] for cell 'zynq_i/axi_smc/inst/s00_nodes/s00_r_node/inst/inst_mi_handler/gen_normal_area.inst_fifo_node_payld/gen_xpm_memory_fifo.inst_fifo/gen_mem_rep[0].inst_xpm_memory'
Finished Sourcing Tcl File [C:/Xilinx/Vivado/2018.2/data/ip/xpm/xpm_memory/tcl/xpm_memory_xdc.tcl] for cell 'zynq_i/axi_smc/inst/s00_nodes/s00_r_node/inst/inst_mi_handler/gen_normal_area.inst_fifo_node_payld/gen_xpm_memory_fifo.inst_fifo/gen_mem_rep[0].inst_xpm_memory'
Sourcing Tcl File [C:/Xilinx/Vivado/2018.2/data/ip/xpm/xpm_memory/tcl/xpm_memory_xdc.tcl] for cell 'zynq_i/axi_smc_1/inst/s00_nodes/s00_aw_node/inst/inst_mi_handler/gen_normal_area.inst_fifo_node_payld/gen_xpm_memory_fifo.inst_fifo/gen_mem_rep[0].inst_xpm_memory'
Finished Sourcing Tcl File [C:/Xilinx/Vivado/2018.2/data/ip/xpm/xpm_memory/tcl/xpm_memory_xdc.tcl] for cell 'zynq_i/axi_smc_1/inst/s00_nodes/s00_aw_node/inst/inst_mi_handler/gen_normal_area.inst_fifo_node_payld/gen_xpm_memory_fifo.inst_fifo/gen_mem_rep[0].inst_xpm_memory'
Sourcing Tcl File [C:/Xilinx/Vivado/2018.2/data/ip/xpm/xpm_memory/tcl/xpm_memory_xdc.tcl] for cell 'zynq_i/axi_smc_1/inst/s00_nodes/s00_b_node/inst/inst_mi_handler/gen_normal_area.inst_fifo_node_payld/gen_xpm_memory_fifo.inst_fifo/gen_mem_rep[0].inst_xpm_memory'
Finished Sourcing Tcl File [C:/Xilinx/Vivado/2018.2/data/ip/xpm/xpm_memory/tcl/xpm_memory_xdc.tcl] for cell 'zynq_i/axi_smc_1/inst/s00_nodes/s00_b_node/inst/inst_mi_handler/gen_normal_area.inst_fifo_node_payld/gen_xpm_memory_fifo.inst_fifo/gen_mem_rep[0].inst_xpm_memory'
Sourcing Tcl File [C:/Xilinx/Vivado/2018.2/data/ip/xpm/xpm_memory/tcl/xpm_memory_xdc.tcl] for cell 'zynq_i/axi_smc_1/inst/s00_nodes/s00_w_node/inst/inst_mi_handler/gen_normal_area.inst_fifo_node_payld/gen_xpm_memory_fifo.inst_fifo/gen_mem_rep[0].inst_xpm_memory'
Finished Sourcing Tcl File [C:/Xilinx/Vivado/2018.2/data/ip/xpm/xpm_memory/tcl/xpm_memory_xdc.tcl] for cell 'zynq_i/axi_smc_1/inst/s00_nodes/s00_w_node/inst/inst_mi_handler/gen_normal_area.inst_fifo_node_payld/gen_xpm_memory_fifo.inst_fifo/gen_mem_rep[0].inst_xpm_memory'
INFO: [Opt 31-138] Pushed 0 inverter(s) to 0 load pin(s).
INFO: [Project 1-111] Unisim Transformation Summary:
  A total of 93 instances were transformed.
  RAM32M => RAM32M (RAMD32, RAMD32, RAMD32, RAMD32, RAMD32, RAMD32, RAMS32, RAMS32): 93 instances

18 Infos, 1 Warnings, 0 Critical Warnings and 0 Errors encountered.
link_design completed successfully
link_design: Time (s): cpu = 00:00:12 ; elapsed = 00:00:15 . Memory (MB): peak = 800.027 ; gain = 439.266
Command: opt_design
Attempting to get a license for feature 'Implementation' and/or device 'xc7z020'
INFO: [Common 17-349] Got license for feature 'Implementation' and/or device 'xc7z020'
Running DRC as a precondition to command opt_design

Starting DRC Task
INFO: [DRC 23-27] Running DRC with 2 threads
INFO: [Project 1-461] DRC finished with 0 Errors
INFO: [Project 1-462] Please refer to the DRC report (report_drc) for more information.

Time (s): cpu = 00:00:01 ; elapsed = 00:00:00.611 . Memory (MB): peak = 806.867 ; gain = 6.840

Starting Cache Timing Information Task
INFO: [Timing 38-35] Done setting XDC timing constraints.
Ending Cache Timing Information Task | Checksum: 24a224fdf

Time (s): cpu = 00:00:09 ; elapsed = 00:00:10 . Memory (MB): peak = 1372.828 ; gain = 565.711

Starting Logic Optimization Task

Phase 1 Retarget
INFO: [Opt 31-138] Pushed 12 inverter(s) to 60 load pin(s).
INFO: [Opt 31-49] Retargeted 0 cell(s).
Phase 1 Retarget | Checksum: 14371ea60

Time (s): cpu = 00:00:01 ; elapsed = 00:00:00.915 . Memory (MB): peak = 1372.828 ; gain = 0.000
INFO: [Opt 31-389] Phase Retarget created 0 cells and removed 0 cells

Phase 2 Constant propagation
INFO: [Opt 31-138] Pushed 0 inverter(s) to 0 load pin(s).
Phase 2 Constant propagation | Checksum: 1168dd8d4

Time (s): cpu = 00:00:01 ; elapsed = 00:00:02 . Memory (MB): peak = 1372.828 ; gain = 0.000
INFO: [Opt 31-389] Phase Constant propagation created 452 cells and removed 1942 cells

Phase 3 Sweep
Phase 3 Sweep | Checksum: 172db5cab

Time (s): cpu = 00:00:03 ; elapsed = 00:00:03 . Memory (MB): peak = 1372.828 ; gain = 0.000
INFO: [Opt 31-389] Phase Sweep created 0 cells and removed 1855 cells

Phase 4 BUFG optimization
Phase 4 BUFG optimization | Checksum: 172db5cab

Time (s): cpu = 00:00:03 ; elapsed = 00:00:03 . Memory (MB): peak = 1372.828 ; gain = 0.000
INFO: [Opt 31-662] Phase BUFG optimization created 0 cells of which 0 are BUFGs and removed 0 cells.

Phase 5 Shift Register Optimization
Phase 5 Shift Register Optimization | Checksum: 109e0d341

Time (s): cpu = 00:00:04 ; elapsed = 00:00:04 . Memory (MB): peak = 1372.828 ; gain = 0.000
INFO: [Opt 31-389] Phase Shift Register Optimization created 0 cells and removed 0 cells

Phase 6 Post Processing Netlist
Phase 6 Post Processing Netlist | Checksum: 109e0d341

Time (s): cpu = 00:00:04 ; elapsed = 00:00:04 . Memory (MB): peak = 1372.828 ; gain = 0.000
INFO: [Opt 31-389] Phase Post Processing Netlist created 0 cells and removed 0 cells

Starting Connectivity Check Task

Time (s): cpu = 00:00:00 ; elapsed = 00:00:00.019 . Memory (MB): peak = 1372.828 ; gain = 0.000
Ending Logic Optimization Task | Checksum: 109e0d341

Time (s): cpu = 00:00:04 ; elapsed = 00:00:04 . Memory (MB): peak = 1372.828 ; gain = 0.000

Starting Power Optimization Task
INFO: [Pwropt 34-132] Skipping clock gating for clocks with a period < 2.00 ns.
INFO: [Timing 38-35] Done setting XDC timing constraints.
INFO: [Pwropt 34-9] Applying IDT optimizations ...
INFO: [Pwropt 34-10] Applying ODC optimizations ...
INFO: [Physopt 32-619] Estimated Timing Summary | WNS=2.256 | TNS=0.000 |
Running Vector-less Activity Propagation...

Finished Running Vector-less Activity Propagation


Starting PowerOpt Patch Enables Task
INFO: [Pwropt 34-162] WRITE_MODE attribute of 6 BRAM(s) out of a total of 10 has been updated to save power. Run report_power_opt to get a complete listing of the BRAMs updated.
INFO: [Timing 38-35] Done setting XDC timing constraints.
INFO: [Pwropt 34-201] Structural ODC has moved 6 WE to EN ports
Number of BRAM Ports augmented: 8 newly gated: 6 Total Ports: 20
Ending PowerOpt Patch Enables Task | Checksum: c7b38d3c

Time (s): cpu = 00:00:00 ; elapsed = 00:00:00.492 . Memory (MB): peak = 1622.086 ; gain = 0.000
Ending Power Optimization Task | Checksum: c7b38d3c

Time (s): cpu = 00:00:09 ; elapsed = 00:00:05 . Memory (MB): peak = 1622.086 ; gain = 249.258

Starting Final Cleanup Task
Ending Final Cleanup Task | Checksum: c7b38d3c

Time (s): cpu = 00:00:00 ; elapsed = 00:00:00 . Memory (MB): peak = 1622.086 ; gain = 0.000
INFO: [Common 17-83] Releasing license: Implementation
41 Infos, 1 Warnings, 0 Critical Warnings and 0 Errors encountered.
opt_design completed successfully
opt_design: Time (s): cpu = 00:00:23 ; elapsed = 00:00:20 . Memory (MB): peak = 1622.086 ; gain = 822.059
INFO: [Timing 38-480] Writing timing data to binary archive.
Writing placer database...
Writing XDEF routing.
Writing XDEF routing logical nets.
Writing XDEF routing special nets.
Write XDEF Complete: Time (s): cpu = 00:00:01 ; elapsed = 00:00:00.099 . Memory (MB): peak = 1622.086 ; gain = 0.000
INFO: [Common 17-1381] The checkpoint 'C:/Users/kge7/Documents/GitHub/two_fifo/two_fifo/two_fifo.runs/impl_1/zynq_wrapper_opt.dcp' has been generated.
INFO: [runtcl-4] Executing : report_drc -file zynq_wrapper_drc_opted.rpt -pb zynq_wrapper_drc_opted.pb -rpx zynq_wrapper_drc_opted.rpx
Command: report_drc -file zynq_wrapper_drc_opted.rpt -pb zynq_wrapper_drc_opted.pb -rpx zynq_wrapper_drc_opted.rpx
INFO: [DRC 23-27] Running DRC with 2 threads
INFO: [Coretcl 2-168] The results of DRC are in file C:/Users/kge7/Documents/GitHub/two_fifo/two_fifo/two_fifo.runs/impl_1/zynq_wrapper_drc_opted.rpt.
report_drc completed successfully
Command: place_design
Attempting to get a license for feature 'Implementation' and/or device 'xc7z020'
INFO: [Common 17-349] Got license for feature 'Implementation' and/or device 'xc7z020'
INFO: [DRC 23-27] Running DRC with 2 threads
INFO: [Vivado_Tcl 4-198] DRC finished with 0 Errors
INFO: [Vivado_Tcl 4-199] Please refer to the DRC report (report_drc) for more information.
Running DRC as a precondition to command place_design
INFO: [DRC 23-27] Running DRC with 2 threads
INFO: [Vivado_Tcl 4-198] DRC finished with 0 Errors
INFO: [Vivado_Tcl 4-199] Please refer to the DRC report (report_drc) for more information.

Starting Placer Task
INFO: [Place 30-611] Multithreading enabled for place_design using a maximum of 2 CPUs

Phase 1 Placer Initialization

Phase 1.1 Placer Initialization Netlist Sorting
Netlist sorting complete. Time (s): cpu = 00:00:00 ; elapsed = 00:00:00.027 . Memory (MB): peak = 1622.086 ; gain = 0.000
Phase 1.1 Placer Initialization Netlist Sorting | Checksum: 9e790977

Time (s): cpu = 00:00:00 ; elapsed = 00:00:00.041 . Memory (MB): peak = 1622.086 ; gain = 0.000
INFO: [Timing 38-35] Done setting XDC timing constraints.
INFO: [Opt 31-138] Pushed 0 inverter(s) to 0 load pin(s).
Netlist sorting complete. Time (s): cpu = 00:00:00 ; elapsed = 00:00:00.029 . Memory (MB): peak = 1622.086 ; gain = 0.000

Phase 1.2 IO Placement/ Clock Placement/ Build Placer Device
INFO: [Timing 38-35] Done setting XDC timing constraints.
Phase 1.2 IO Placement/ Clock Placement/ Build Placer Device | Checksum: b506970c

Time (s): cpu = 00:00:04 ; elapsed = 00:00:03 . Memory (MB): peak = 1622.086 ; gain = 0.000

Phase 1.3 Build Placer Netlist Model
Phase 1.3 Build Placer Netlist Model | Checksum: 1027f3035

Time (s): cpu = 00:00:07 ; elapsed = 00:00:06 . Memory (MB): peak = 1622.086 ; gain = 0.000

Phase 1.4 Constrain Clocks/Macros
Phase 1.4 Constrain Clocks/Macros | Checksum: 1027f3035

Time (s): cpu = 00:00:07 ; elapsed = 00:00:06 . Memory (MB): peak = 1622.086 ; gain = 0.000
Phase 1 Placer Initialization | Checksum: 1027f3035

Time (s): cpu = 00:00:07 ; elapsed = 00:00:06 . Memory (MB): peak = 1622.086 ; gain = 0.000

Phase 2 Global Placement

Phase 2.1 Floorplanning
Phase 2.1 Floorplanning | Checksum: cef9b76d

Time (s): cpu = 00:00:08 ; elapsed = 00:00:06 . Memory (MB): peak = 1622.086 ; gain = 0.000

Phase 2.2 Physical Synthesis In Placer
INFO: [Physopt 32-65] No nets found for high-fanout optimization.
INFO: [Physopt 32-232] Optimized 0 net. Created 0 new instance.
INFO: [Physopt 32-775] End 1 Pass. Optimized 0 net or cell. Created 0 new cell, deleted 0 existing cell and moved 0 existing cell
Netlist sorting complete. Time (s): cpu = 00:00:00 ; elapsed = 00:00:00.025 . Memory (MB): peak = 1622.086 ; gain = 0.000

Summary of Physical Synthesis Optimizations
============================================


-----------------------------------------------------------------------------------------------------------------------------
|  Optimization       |  Added Cells  |  Removed Cells  |  Optimized Cells/Nets  |  Dont Touch  |  Iterations  |  Elapsed   |
-----------------------------------------------------------------------------------------------------------------------------
|  Very High Fanout   |            0  |              0  |                     0  |           0  |           1  |  00:00:00  |
|  Total              |            0  |              0  |                     0  |           0  |           1  |  00:00:00  |
-----------------------------------------------------------------------------------------------------------------------------


Phase 2.2 Physical Synthesis In Placer | Checksum: 1b7745d45

Time (s): cpu = 00:00:17 ; elapsed = 00:00:11 . Memory (MB): peak = 1622.086 ; gain = 0.000
Phase 2 Global Placement | Checksum: 1f6412282

Time (s): cpu = 00:00:18 ; elapsed = 00:00:12 . Memory (MB): peak = 1622.086 ; gain = 0.000

Phase 3 Detail Placement

Phase 3.1 Commit Multi Column Macros
Phase 3.1 Commit Multi Column Macros | Checksum: 1f6412282

Time (s): cpu = 00:00:18 ; elapsed = 00:00:12 . Memory (MB): peak = 1622.086 ; gain = 0.000

Phase 3.2 Commit Most Macros & LUTRAMs
Phase 3.2 Commit Most Macros & LUTRAMs | Checksum: baaad91d

Time (s): cpu = 00:00:19 ; elapsed = 00:00:12 . Memory (MB): peak = 1622.086 ; gain = 0.000

Phase 3.3 Area Swap Optimization
Phase 3.3 Area Swap Optimization | Checksum: defc23c7

Time (s): cpu = 00:00:19 ; elapsed = 00:00:12 . Memory (MB): peak = 1622.086 ; gain = 0.000

Phase 3.4 Pipeline Register Optimization
Phase 3.4 Pipeline Register Optimization | Checksum: 10d23596c

Time (s): cpu = 00:00:19 ; elapsed = 00:00:13 . Memory (MB): peak = 1622.086 ; gain = 0.000

Phase 3.5 Small Shape Detail Placement
Phase 3.5 Small Shape Detail Placement | Checksum: f419a46a

Time (s): cpu = 00:00:21 ; elapsed = 00:00:14 . Memory (MB): peak = 1622.086 ; gain = 0.000

Phase 3.6 Re-assign LUT pins
Phase 3.6 Re-assign LUT pins | Checksum: 81bcdf28

Time (s): cpu = 00:00:21 ; elapsed = 00:00:15 . Memory (MB): peak = 1622.086 ; gain = 0.000

Phase 3.7 Pipeline Register Optimization
Phase 3.7 Pipeline Register Optimization | Checksum: 81bcdf28

Time (s): cpu = 00:00:21 ; elapsed = 00:00:15 . Memory (MB): peak = 1622.086 ; gain = 0.000
Phase 3 Detail Placement | Checksum: 81bcdf28

Time (s): cpu = 00:00:21 ; elapsed = 00:00:15 . Memory (MB): peak = 1622.086 ; gain = 0.000

Phase 4 Post Placement Optimization and Clean-Up

Phase 4.1 Post Commit Optimization
INFO: [Timing 38-35] Done setting XDC timing constraints.

Phase 4.1.1 Post Placement Optimization
Post Placement Optimization Initialization | Checksum: 74c7b29e

Phase 4.1.1.1 BUFG Insertion
INFO: [Place 46-31] BUFG insertion identified 0 candidate nets, 0 success, 0 skipped for placement/routing, 0 skipped for timing, 0 skipped for netlist change reason.
Phase 4.1.1.1 BUFG Insertion | Checksum: 74c7b29e

Time (s): cpu = 00:00:23 ; elapsed = 00:00:16 . Memory (MB): peak = 1622.086 ; gain = 0.000
INFO: [Place 30-746] Post Placement Timing Summary WNS=2.375. For the most accurate timing information please run report_timing.
Phase 4.1.1 Post Placement Optimization | Checksum: 12f320b1b

Time (s): cpu = 00:00:23 ; elapsed = 00:00:16 . Memory (MB): peak = 1622.086 ; gain = 0.000
Phase 4.1 Post Commit Optimization | Checksum: 12f320b1b

Time (s): cpu = 00:00:23 ; elapsed = 00:00:16 . Memory (MB): peak = 1622.086 ; gain = 0.000

Phase 4.2 Post Placement Cleanup
Phase 4.2 Post Placement Cleanup | Checksum: 12f320b1b

Time (s): cpu = 00:00:23 ; elapsed = 00:00:16 . Memory (MB): peak = 1622.086 ; gain = 0.000

Phase 4.3 Placer Reporting
Phase 4.3 Placer Reporting | Checksum: 12f320b1b

Time (s): cpu = 00:00:23 ; elapsed = 00:00:16 . Memory (MB): peak = 1622.086 ; gain = 0.000

Phase 4.4 Final Placement Cleanup
Phase 4.4 Final Placement Cleanup | Checksum: 154b800c1

Time (s): cpu = 00:00:23 ; elapsed = 00:00:16 . Memory (MB): peak = 1622.086 ; gain = 0.000
Phase 4 Post Placement Optimization and Clean-Up | Checksum: 154b800c1

Time (s): cpu = 00:00:23 ; elapsed = 00:00:16 . Memory (MB): peak = 1622.086 ; gain = 0.000
Ending Placer Task | Checksum: 8bfad475

Time (s): cpu = 00:00:23 ; elapsed = 00:00:16 . Memory (MB): peak = 1622.086 ; gain = 0.000
INFO: [Common 17-83] Releasing license: Implementation
64 Infos, 1 Warnings, 0 Critical Warnings and 0 Errors encountered.
place_design completed successfully
place_design: Time (s): cpu = 00:00:25 ; elapsed = 00:00:18 . Memory (MB): peak = 1622.086 ; gain = 0.000
INFO: [Timing 38-480] Writing timing data to binary archive.
Writing placer database...
Writing XDEF routing.
Writing XDEF routing logical nets.
Writing XDEF routing special nets.
Write XDEF Complete: Time (s): cpu = 00:00:02 ; elapsed = 00:00:00.798 . Memory (MB): peak = 1622.086 ; gain = 0.000
INFO: [Common 17-1381] The checkpoint 'C:/Users/kge7/Documents/GitHub/two_fifo/two_fifo/two_fifo.runs/impl_1/zynq_wrapper_placed.dcp' has been generated.
INFO: [runtcl-4] Executing : report_io -file zynq_wrapper_io_placed.rpt
report_io: Time (s): cpu = 00:00:00 ; elapsed = 00:00:00.043 . Memory (MB): peak = 1622.086 ; gain = 0.000
INFO: [runtcl-4] Executing : report_utilization -file zynq_wrapper_utilization_placed.rpt -pb zynq_wrapper_utilization_placed.pb
report_utilization: Time (s): cpu = 00:00:00 ; elapsed = 00:00:00.110 . Memory (MB): peak = 1622.086 ; gain = 0.000
INFO: [runtcl-4] Executing : report_control_sets -verbose -file zynq_wrapper_control_sets_placed.rpt
report_control_sets: Time (s): cpu = 00:00:00 ; elapsed = 00:00:00.050 . Memory (MB): peak = 1622.086 ; gain = 0.000
Command: route_design
Attempting to get a license for feature 'Implementation' and/or device 'xc7z020'
INFO: [Common 17-349] Got license for feature 'Implementation' and/or device 'xc7z020'
Running DRC as a precondition to command route_design
INFO: [DRC 23-27] Running DRC with 2 threads
INFO: [Vivado_Tcl 4-198] DRC finished with 0 Errors
INFO: [Vivado_Tcl 4-199] Please refer to the DRC report (report_drc) for more information.


Starting Routing Task
INFO: [Route 35-254] Multithreading enabled for route_design using a maximum of 2 CPUs
Checksum: PlaceDB: 225bb5a8 ConstDB: 0 ShapeSum: 699f1ecd RouteDB: 0

Phase 1 Build RT Design
Phase 1 Build RT Design | Checksum: 971f05a9

Time (s): cpu = 00:00:22 ; elapsed = 00:00:19 . Memory (MB): peak = 1622.086 ; gain = 0.000
Post Restoration Checksum: NetGraph: 47eee0a9 NumContArr: 4f302500 Constraints: 0 Timing: 0

Phase 2 Router Initialization

Phase 2.1 Create Timer
Phase 2.1 Create Timer | Checksum: 971f05a9

Time (s): cpu = 00:00:22 ; elapsed = 00:00:19 . Memory (MB): peak = 1622.086 ; gain = 0.000

Phase 2.2 Fix Topology Constraints
Phase 2.2 Fix Topology Constraints | Checksum: 971f05a9

Time (s): cpu = 00:00:22 ; elapsed = 00:00:19 . Memory (MB): peak = 1622.086 ; gain = 0.000

Phase 2.3 Pre Route Cleanup
Phase 2.3 Pre Route Cleanup | Checksum: 971f05a9

Time (s): cpu = 00:00:22 ; elapsed = 00:00:19 . Memory (MB): peak = 1622.086 ; gain = 0.000
 Number of Nodes with overlaps = 0

Phase 2.4 Update Timing
Phase 2.4 Update Timing | Checksum: 1f86de7d8

Time (s): cpu = 00:00:24 ; elapsed = 00:00:21 . Memory (MB): peak = 1622.086 ; gain = 0.000
INFO: [Route 35-416] Intermediate Timing Summary | WNS=2.356  | TNS=0.000  | WHS=-0.355 | THS=-291.253|

Phase 2 Router Initialization | Checksum: 2326b2128

Time (s): cpu = 00:00:26 ; elapsed = 00:00:21 . Memory (MB): peak = 1622.086 ; gain = 0.000

Phase 3 Initial Routing
Phase 3 Initial Routing | Checksum: 172015b23

Time (s): cpu = 00:00:27 ; elapsed = 00:00:22 . Memory (MB): peak = 1622.086 ; gain = 0.000

Phase 4 Rip-up And Reroute

Phase 4.1 Global Iteration 0
 Number of Nodes with overlaps = 604
 Number of Nodes with overlaps = 28
 Number of Nodes with overlaps = 3
 Number of Nodes with overlaps = 0
INFO: [Route 35-416] Intermediate Timing Summary | WNS=1.984  | TNS=0.000  | WHS=N/A    | THS=N/A    |

Phase 4.1 Global Iteration 0 | Checksum: 215309fd9

Time (s): cpu = 00:00:30 ; elapsed = 00:00:24 . Memory (MB): peak = 1622.086 ; gain = 0.000

Phase 4.2 Global Iteration 1
 Number of Nodes with overlaps = 8
 Number of Nodes with overlaps = 0
INFO: [Route 35-416] Intermediate Timing Summary | WNS=1.973  | TNS=0.000  | WHS=N/A    | THS=N/A    |

Phase 4.2 Global Iteration 1 | Checksum: 1199b35bb

Time (s): cpu = 00:00:30 ; elapsed = 00:00:24 . Memory (MB): peak = 1622.086 ; gain = 0.000
Phase 4 Rip-up And Reroute | Checksum: 1199b35bb

Time (s): cpu = 00:00:30 ; elapsed = 00:00:24 . Memory (MB): peak = 1622.086 ; gain = 0.000

Phase 5 Delay and Skew Optimization

Phase 5.1 Delay CleanUp
Phase 5.1 Delay CleanUp | Checksum: 1199b35bb

Time (s): cpu = 00:00:30 ; elapsed = 00:00:24 . Memory (MB): peak = 1622.086 ; gain = 0.000

Phase 5.2 Clock Skew Optimization
Phase 5.2 Clock Skew Optimization | Checksum: 1199b35bb

Time (s): cpu = 00:00:30 ; elapsed = 00:00:24 . Memory (MB): peak = 1622.086 ; gain = 0.000
Phase 5 Delay and Skew Optimization | Checksum: 1199b35bb

Time (s): cpu = 00:00:31 ; elapsed = 00:00:24 . Memory (MB): peak = 1622.086 ; gain = 0.000

Phase 6 Post Hold Fix

Phase 6.1 Hold Fix Iter

Phase 6.1.1 Update Timing
Phase 6.1.1 Update Timing | Checksum: e83b5a4b

Time (s): cpu = 00:00:31 ; elapsed = 00:00:24 . Memory (MB): peak = 1622.086 ; gain = 0.000
INFO: [Route 35-416] Intermediate Timing Summary | WNS=2.121  | TNS=0.000  | WHS=0.006  | THS=0.000  |

Phase 6.1 Hold Fix Iter | Checksum: 4fa4cc87

Time (s): cpu = 00:00:31 ; elapsed = 00:00:25 . Memory (MB): peak = 1622.086 ; gain = 0.000
Phase 6 Post Hold Fix | Checksum: 4fa4cc87

Time (s): cpu = 00:00:31 ; elapsed = 00:00:25 . Memory (MB): peak = 1622.086 ; gain = 0.000

Phase 7 Route finalize

Router Utilization Summary
  Global Vertical Routing Utilization    = 1.26556 %
  Global Horizontal Routing Utilization  = 1.57378 %
  Routable Net Status*
  *Does not include unroutable nets such as driverless and loadless.
  Run report_route_status for detailed report.
  Number of Failed Nets               = 0
  Number of Unrouted Nets             = 0
  Number of Partially Routed Nets     = 0
  Number of Node Overlaps             = 0

Phase 7 Route finalize | Checksum: f0bbc0c6

Time (s): cpu = 00:00:31 ; elapsed = 00:00:25 . Memory (MB): peak = 1622.086 ; gain = 0.000

Phase 8 Verifying routed nets

 Verification completed successfully
Phase 8 Verifying routed nets | Checksum: f0bbc0c6

Time (s): cpu = 00:00:31 ; elapsed = 00:00:25 . Memory (MB): peak = 1622.086 ; gain = 0.000

Phase 9 Depositing Routes
Phase 9 Depositing Routes | Checksum: 104ee401f

Time (s): cpu = 00:00:32 ; elapsed = 00:00:25 . Memory (MB): peak = 1622.086 ; gain = 0.000

Phase 10 Post Router Timing
INFO: [Route 35-57] Estimated Timing Summary | WNS=2.121  | TNS=0.000  | WHS=0.006  | THS=0.000  |

INFO: [Route 35-327] The final timing numbers are based on the router estimated timing analysis. For a complete and accurate timing signoff, please run report_timing_summary.
Phase 10 Post Router Timing | Checksum: 104ee401f

Time (s): cpu = 00:00:32 ; elapsed = 00:00:25 . Memory (MB): peak = 1622.086 ; gain = 0.000
INFO: [Route 35-16] Router Completed Successfully

Time (s): cpu = 00:00:32 ; elapsed = 00:00:25 . Memory (MB): peak = 1622.086 ; gain = 0.000

Routing Is Done.
INFO: [Common 17-83] Releasing license: Implementation
82 Infos, 1 Warnings, 0 Critical Warnings and 0 Errors encountered.
route_design completed successfully
route_design: Time (s): cpu = 00:00:35 ; elapsed = 00:00:27 . Memory (MB): peak = 1622.086 ; gain = 0.000
INFO: [Timing 38-480] Writing timing data to binary archive.
Writing placer database...
Writing XDEF routing.
Writing XDEF routing logical nets.
Writing XDEF routing special nets.
Write XDEF Complete: Time (s): cpu = 00:00:03 ; elapsed = 00:00:00.932 . Memory (MB): peak = 1622.086 ; gain = 0.000
INFO: [Common 17-1381] The checkpoint 'C:/Users/kge7/Documents/GitHub/two_fifo/two_fifo/two_fifo.runs/impl_1/zynq_wrapper_routed.dcp' has been generated.
INFO: [runtcl-4] Executing : report_drc -file zynq_wrapper_drc_routed.rpt -pb zynq_wrapper_drc_routed.pb -rpx zynq_wrapper_drc_routed.rpx
Command: report_drc -file zynq_wrapper_drc_routed.rpt -pb zynq_wrapper_drc_routed.pb -rpx zynq_wrapper_drc_routed.rpx
INFO: [DRC 23-27] Running DRC with 2 threads
INFO: [Coretcl 2-168] The results of DRC are in file C:/Users/kge7/Documents/GitHub/two_fifo/two_fifo/two_fifo.runs/impl_1/zynq_wrapper_drc_routed.rpt.
report_drc completed successfully
INFO: [runtcl-4] Executing : report_methodology -file zynq_wrapper_methodology_drc_routed.rpt -pb zynq_wrapper_methodology_drc_routed.pb -rpx zynq_wrapper_methodology_drc_routed.rpx
Command: report_methodology -file zynq_wrapper_methodology_drc_routed.rpt -pb zynq_wrapper_methodology_drc_routed.pb -rpx zynq_wrapper_methodology_drc_routed.rpx
INFO: [Timing 38-35] Done setting XDC timing constraints.
INFO: [Timing 38-35] Done setting XDC timing constraints.
INFO: [DRC 23-133] Running Methodology with 2 threads
INFO: [Coretcl 2-1520] The results of Report Methodology are in file C:/Users/kge7/Documents/GitHub/two_fifo/two_fifo/two_fifo.runs/impl_1/zynq_wrapper_methodology_drc_routed.rpt.
report_methodology completed successfully
INFO: [runtcl-4] Executing : report_power -file zynq_wrapper_power_routed.rpt -pb zynq_wrapper_power_summary_routed.pb -rpx zynq_wrapper_power_routed.rpx
Command: report_power -file zynq_wrapper_power_routed.rpt -pb zynq_wrapper_power_summary_routed.pb -rpx zynq_wrapper_power_routed.rpx
INFO: [Timing 38-35] Done setting XDC timing constraints.
Running Vector-less Activity Propagation...

Finished Running Vector-less Activity Propagation
WARNING: [Power 33-332] Found switching activity that implies high-fanout reset nets being asserted for excessive periods of time which may result in inaccurate power analysis.
Resolution: To review and fix problems, please run Power Constraints Advisor in the GUI from Tools > Power Constraints Advisor or run report_power with the -advisory option to generate a text report.
94 Infos, 2 Warnings, 0 Critical Warnings and 0 Errors encountered.
report_power completed successfully
INFO: [runtcl-4] Executing : report_route_status -file zynq_wrapper_route_status.rpt -pb zynq_wrapper_route_status.pb
INFO: [runtcl-4] Executing : report_timing_summary -max_paths 10 -file zynq_wrapper_timing_summary_routed.rpt -pb zynq_wrapper_timing_summary_routed.pb -rpx zynq_wrapper_timing_summary_routed.rpx -warn_on_violation 
INFO: [Timing 38-91] UpdateTimingParams: Speed grade: -1, Delay Type: min_max, Timing Stage: Requireds.
INFO: [Timing 38-191] Multithreading enabled for timing update using a maximum of 2 CPUs
INFO: [runtcl-4] Executing : report_incremental_reuse -file zynq_wrapper_incremental_reuse_routed.rpt
INFO: [Vivado_Tcl 4-545] No incremental reuse to report, no incremental placement and routing data was found.
INFO: [runtcl-4] Executing : report_clock_utilization -file zynq_wrapper_clock_utilization_routed.rpt
INFO: [runtcl-4] Executing : report_bus_skew -warn_on_violation -file zynq_wrapper_bus_skew_routed.rpt -pb zynq_wrapper_bus_skew_routed.pb -rpx zynq_wrapper_bus_skew_routed.rpx
INFO: [Timing 38-91] UpdateTimingParams: Speed grade: -1, Delay Type: min_max, Timing Stage: Requireds.
INFO: [Timing 38-191] Multithreading enabled for timing update using a maximum of 2 CPUs
INFO: [Memdata 28-167] Found XPM memory block zynq_i/axi_smc_1/inst/s00_nodes/s00_w_node/inst/inst_mi_handler/gen_normal_area.inst_fifo_node_payld/gen_xpm_memory_fifo.inst_fifo/gen_mem_rep[0].inst_xpm_memory/xpm_memory_base_inst with a P_MEMORY_PRIMITIVE property set to distributed. A value of block is required. You will not be able to use the updatemem program to update the bitstream with new data for the zynq_i/axi_smc_1/inst/s00_nodes/s00_w_node/inst/inst_mi_handler/gen_normal_area.inst_fifo_node_payld/gen_xpm_memory_fifo.inst_fifo/gen_mem_rep[0].inst_xpm_memory/xpm_memory_base_inst block.
INFO: [Memdata 28-167] Found XPM memory block zynq_i/axi_smc_1/inst/s00_nodes/s00_b_node/inst/inst_mi_handler/gen_normal_area.inst_fifo_node_payld/gen_xpm_memory_fifo.inst_fifo/gen_mem_rep[0].inst_xpm_memory/xpm_memory_base_inst with a P_MEMORY_PRIMITIVE property set to distributed. A value of block is required. You will not be able to use the updatemem program to update the bitstream with new data for the zynq_i/axi_smc_1/inst/s00_nodes/s00_b_node/inst/inst_mi_handler/gen_normal_area.inst_fifo_node_payld/gen_xpm_memory_fifo.inst_fifo/gen_mem_rep[0].inst_xpm_memory/xpm_memory_base_inst block.
INFO: [Memdata 28-167] Found XPM memory block zynq_i/axi_smc_1/inst/s00_nodes/s00_aw_node/inst/inst_mi_handler/gen_normal_area.inst_fifo_node_payld/gen_xpm_memory_fifo.inst_fifo/gen_mem_rep[0].inst_xpm_memory/xpm_memory_base_inst with a P_MEMORY_PRIMITIVE property set to distributed. A value of block is required. You will not be able to use the updatemem program to update the bitstream with new data for the zynq_i/axi_smc_1/inst/s00_nodes/s00_aw_node/inst/inst_mi_handler/gen_normal_area.inst_fifo_node_payld/gen_xpm_memory_fifo.inst_fifo/gen_mem_rep[0].inst_xpm_memory/xpm_memory_base_inst block.
INFO: [Memdata 28-167] Found XPM memory block zynq_i/axi_smc/inst/s00_nodes/s00_r_node/inst/inst_mi_handler/gen_normal_area.inst_fifo_node_payld/gen_xpm_memory_fifo.inst_fifo/gen_mem_rep[0].inst_xpm_memory/xpm_memory_base_inst with a P_MEMORY_PRIMITIVE property set to distributed. A value of block is required. You will not be able to use the updatemem program to update the bitstream with new data for the zynq_i/axi_smc/inst/s00_nodes/s00_r_node/inst/inst_mi_handler/gen_normal_area.inst_fifo_node_payld/gen_xpm_memory_fifo.inst_fifo/gen_mem_rep[0].inst_xpm_memory/xpm_memory_base_inst block.
INFO: [Memdata 28-167] Found XPM memory block zynq_i/axi_smc/inst/s00_nodes/s00_ar_node/inst/inst_mi_handler/gen_normal_area.inst_fifo_node_payld/gen_xpm_memory_fifo.inst_fifo/gen_mem_rep[0].inst_xpm_memory/xpm_memory_base_inst with a P_MEMORY_PRIMITIVE property set to distributed. A value of block is required. You will not be able to use the updatemem program to update the bitstream with new data for the zynq_i/axi_smc/inst/s00_nodes/s00_ar_node/inst/inst_mi_handler/gen_normal_area.inst_fifo_node_payld/gen_xpm_memory_fifo.inst_fifo/gen_mem_rep[0].inst_xpm_memory/xpm_memory_base_inst block.
INFO: [Memdata 28-167] Found XPM memory block zynq_i/axi_dma_conv/U0/I_PRMRY_DATAMOVER/GEN_S2MM_FULL.I_S2MM_FULL_WRAPPER/GEN_ENABLE_INDET_BTT_SF.I_INDET_BTT/I_XD_FIFO/NON_BLK_MEM.I_SYNC_FIFOGEN_FIFO/xpm_fifo_instance.xpm_fifo_sync_inst/xpm_fifo_base_inst/gen_sdpram.xpm_memory_base_inst with a P_MEMORY_PRIMITIVE property set to auto. A value of block is required. You will not be able to use the updatemem program to update the bitstream with new data for the zynq_i/axi_dma_conv/U0/I_PRMRY_DATAMOVER/GEN_S2MM_FULL.I_S2MM_FULL_WRAPPER/GEN_ENABLE_INDET_BTT_SF.I_INDET_BTT/I_XD_FIFO/NON_BLK_MEM.I_SYNC_FIFOGEN_FIFO/xpm_fifo_instance.xpm_fifo_sync_inst/xpm_fifo_base_inst/gen_sdpram.xpm_memory_base_inst block.
INFO: [Memdata 28-208] The XPM instance: <zynq_i/axi_dma_conv/U0/I_PRMRY_DATAMOVER/GEN_S2MM_FULL.I_S2MM_FULL_WRAPPER/GEN_ENABLE_INDET_BTT_SF.I_INDET_BTT/I_DATA_FIFO/BLK_MEM.I_SYNC_FIFOGEN_FIFO/xpm_fifo_instance.xpm_fifo_sync_inst/xpm_fifo_base_inst/gen_sdpram.xpm_memory_base_inst> is part of IP: <zynq_i/axi_dma_conv>. This XPM instance will be excluded from the .mmi because updatemem is prohibited from making changes to an XPM that is part of an IP.
INFO: [Memdata 28-208] The XPM instance: <zynq_i/axi_dma_conv/U0/I_PRMRY_DATAMOVER/GEN_MM2S_FULL.I_MM2S_FULL_WRAPPER/GEN_INCLUDE_MM2S_SF.I_RD_SF/I_DATA_FIFO/BLK_MEM.I_SYNC_FIFOGEN_FIFO/xpm_fifo_instance.xpm_fifo_sync_inst/xpm_fifo_base_inst/gen_sdpram.xpm_memory_base_inst> is part of IP: <zynq_i/axi_dma_conv>. This XPM instance will be excluded from the .mmi because updatemem is prohibited from making changes to an XPM that is part of an IP.
Command: write_bitstream -force zynq_wrapper.bit
Attempting to get a license for feature 'Implementation' and/or device 'xc7z020'
INFO: [Common 17-349] Got license for feature 'Implementation' and/or device 'xc7z020'
Running DRC as a precondition to command write_bitstream
INFO: [DRC 23-27] Running DRC with 2 threads
WARNING: [DRC RTSTAT-10] No routable loads: 8 net(s) have no routable loads. The problem bus(es) and/or net(s) are zynq_i/axis_data_fifo_0/inst/gen_fifo_generator.fifo_generator_inst/inst_fifo_gen/gaxis_fifo.gaxisf.axisf/grf.rf/gntv_or_sync_fifo.gl0.rd/gr1.gr1_int.rfwft/aempty_fwft_i, zynq_i/axis_data_fifo_1/inst/gen_fifo_generator.fifo_generator_inst/inst_fifo_gen/gaxis_fifo.gaxisf.axisf/grf.rf/gntv_or_sync_fifo.gl0.rd/gr1.gr1_int.rfwft/aempty_fwft_i, zynq_i/axis_data_fifo_0/inst/gen_fifo_generator.fifo_generator_inst/inst_fifo_gen/gaxis_fifo.gaxisf.axisf/grf.rf/gntv_or_sync_fifo.gl0.wr/gwss.wsts/ram_afull_fb, zynq_i/axis_data_fifo_1/inst/gen_fifo_generator.fifo_generator_inst/inst_fifo_gen/gaxis_fifo.gaxisf.axisf/grf.rf/gntv_or_sync_fifo.gl0.wr/gwss.wsts/ram_afull_fb, zynq_i/axis_data_fifo_0/inst/gen_fifo_generator.fifo_generator_inst/inst_fifo_gen/gaxis_fifo.gaxisf.axisf/grf.rf/gntv_or_sync_fifo.gl0.wr/gwss.wsts/ram_afull_i, zynq_i/axis_data_fifo_1/inst/gen_fifo_generator.fifo_generator_inst/inst_fifo_gen/gaxis_fifo.gaxisf.axisf/grf.rf/gntv_or_sync_fifo.gl0.wr/gwss.wsts/ram_afull_i, zynq_i/axis_data_fifo_0/inst/gen_fifo_generator.fifo_generator_inst/inst_fifo_gen/gaxis_fifo.gaxisf.axisf/grf.rf/gntv_or_sync_fifo.gl0.rd/grss.rsts/ram_empty_i, and zynq_i/axis_data_fifo_1/inst/gen_fifo_generator.fifo_generator_inst/inst_fifo_gen/gaxis_fifo.gaxisf.axisf/grf.rf/gntv_or_sync_fifo.gl0.rd/grss.rsts/ram_empty_i.
INFO: [DRC REQP-165] writefirst: Synchronous clocking is detected for BRAM (zynq_i/axi_dma_conv/U0/I_PRMRY_DATAMOVER/GEN_MM2S_FULL.I_MM2S_FULL_WRAPPER/GEN_INCLUDE_MM2S_SF.I_RD_SF/I_DATA_FIFO/BLK_MEM.I_SYNC_FIFOGEN_FIFO/xpm_fifo_instance.xpm_fifo_sync_inst/xpm_fifo_base_inst/gen_sdpram.xpm_memory_base_inst/gen_wr_a.gen_word_narrow.mem_reg_1) in SDP mode with WRITE_FIRST write-mode. This is the preferred mode for best power characteristics, however it may exhibit address collisions if the same address appears on both read and write ports resulting in unknown or corrupted read data. It is suggested to confirm via simulation that an address collision never occurs and if so it is suggested to try and avoid this situation. If address collisions cannot be avoided, the write-mode may be set to READ_FIRST which guarantees that the read data is the prior contents of the memory at the cost of additional power in the design. See the FPGA Memory Resources User Guide for additional information.
INFO: [DRC REQP-165] writefirst: Synchronous clocking is detected for BRAM (zynq_i/axi_dma_conv/U0/I_PRMRY_DATAMOVER/GEN_S2MM_FULL.I_S2MM_FULL_WRAPPER/GEN_ENABLE_INDET_BTT_SF.I_INDET_BTT/I_DATA_FIFO/BLK_MEM.I_SYNC_FIFOGEN_FIFO/xpm_fifo_instance.xpm_fifo_sync_inst/xpm_fifo_base_inst/gen_sdpram.xpm_memory_base_inst/gen_wr_a.gen_word_narrow.mem_reg_1) in SDP mode with WRITE_FIRST write-mode. This is the preferred mode for best power characteristics, however it may exhibit address collisions if the same address appears on both read and write ports resulting in unknown or corrupted read data. It is suggested to confirm via simulation that an address collision never occurs and if so it is suggested to try and avoid this situation. If address collisions cannot be avoided, the write-mode may be set to READ_FIRST which guarantees that the read data is the prior contents of the memory at the cost of additional power in the design. See the FPGA Memory Resources User Guide for additional information.
INFO: [DRC REQP-181] writefirst: Synchronous clocking is detected for BRAM (zynq_i/axi_dma_conv/U0/I_PRMRY_DATAMOVER/GEN_MM2S_FULL.I_MM2S_FULL_WRAPPER/GEN_INCLUDE_MM2S_SF.I_RD_SF/I_DATA_FIFO/BLK_MEM.I_SYNC_FIFOGEN_FIFO/xpm_fifo_instance.xpm_fifo_sync_inst/xpm_fifo_base_inst/gen_sdpram.xpm_memory_base_inst/gen_wr_a.gen_word_narrow.mem_reg_0) in SDP mode with WRITE_FIRST write-mode. This is the preferred mode for best power characteristics, however it may exhibit address collisions if the same address appears on both read and write ports resulting in unknown or corrupted read data. It is suggested to confirm via simulation that an address collision never occurs and if so it is suggested to try and avoid this situation. If address collisions cannot be avoided, the write-mode may be set to READ_FIRST which guarantees that the read data is the prior contents of the memory at the cost of additional power in the design. See the FPGA Memory Resources User Guide for additional information.
INFO: [DRC REQP-181] writefirst: Synchronous clocking is detected for BRAM (zynq_i/axi_dma_conv/U0/I_PRMRY_DATAMOVER/GEN_S2MM_FULL.I_S2MM_FULL_WRAPPER/GEN_ENABLE_INDET_BTT_SF.I_INDET_BTT/I_DATA_FIFO/BLK_MEM.I_SYNC_FIFOGEN_FIFO/xpm_fifo_instance.xpm_fifo_sync_inst/xpm_fifo_base_inst/gen_sdpram.xpm_memory_base_inst/gen_wr_a.gen_word_narrow.mem_reg_0) in SDP mode with WRITE_FIRST write-mode. This is the preferred mode for best power characteristics, however it may exhibit address collisions if the same address appears on both read and write ports resulting in unknown or corrupted read data. It is suggested to confirm via simulation that an address collision never occurs and if so it is suggested to try and avoid this situation. If address collisions cannot be avoided, the write-mode may be set to READ_FIRST which guarantees that the read data is the prior contents of the memory at the cost of additional power in the design. See the FPGA Memory Resources User Guide for additional information.
INFO: [Vivado 12-3199] DRC finished with 0 Errors, 1 Warnings, 4 Advisories
INFO: [Vivado 12-3200] Please refer to the DRC report (report_drc) for more information.
INFO: [Designutils 20-2272] Running write_bitstream with 2 threads.
Loading data files...
Loading site data...
Loading route data...
Processing options...
Creating bitmap...
Creating bitstream...
Writing bitstream ./zynq_wrapper.bit...
INFO: [Vivado 12-1842] Bitgen Completed Successfully.
INFO: [Project 1-120] WebTalk data collection is mandatory when using a WebPACK part without a full Vivado license. To see the specific WebTalk data collected for your design, open the usage_statistics_webtalk.html or usage_statistics_webtalk.xml file in the implementation directory.
INFO: [Common 17-83] Releasing license: Implementation
124 Infos, 3 Warnings, 0 Critical Warnings and 0 Errors encountered.
write_bitstream completed successfully
write_bitstream: Time (s): cpu = 00:00:17 ; elapsed = 00:00:22 . Memory (MB): peak = 2082.609 ; gain = 444.121
INFO: [Common 17-206] Exiting Vivado at Sun Aug  6 19:04:53 2023...
