#-----------------------------------------------------------
# Vivado v2018.2 (64-bit)
# SW Build 2258646 on Thu Jun 14 20:03:12 MDT 2018
# IP Build 2256618 on Thu Jun 14 22:10:49 MDT 2018
# Start of session at: Sun Aug  6 11:43:11 2023
# Process ID: 11448
# Current directory: C:/Users/kge7/Documents/GitHub/two_fifo/two_fifo
# Command line: vivado.exe -gui_launcher_event rodinguilauncherevent12736 C:\Users\kge7\Documents\GitHub\two_fifo\two_fifo\two_fifo.xpr
# Log file: C:/Users/kge7/Documents/GitHub/two_fifo/two_fifo/vivado.log
# Journal file: C:/Users/kge7/Documents/GitHub/two_fifo/two_fifo\vivado.jou
#-----------------------------------------------------------
start_gui
open_project C:/Users/kge7/Documents/GitHub/two_fifo/two_fifo/two_fifo.xpr
INFO: [Project 1-313] Project file moved from '/home/kenan/Documents/two_fifo/two_fifo' since last save.
Scanning sources...
Finished scanning sources
CRITICAL WARNING: [Board 49-67] The board_part definition was not found for tul.com.tw:pynq-z2:part0:1.0. This can happen sometimes when you use custom board part. You can resolve this issue by setting 'board.repoPaths' parameter, pointing to the location of custom board files. Valid board_part values can be retrieved with the 'get_board_parts' Tcl command.
INFO: [IP_Flow 19-234] Refreshing IP repositories
INFO: [IP_Flow 19-1704] No user IP repositories specified
INFO: [IP_Flow 19-2313] Loaded Vivado IP repository 'C:/Xilinx/Vivado/2018.2/data/ip'.
WARNING: [BD 41-1661] One or more IPs have been locked in the design 'zynq.bd'. Please run report_ip_status for more details and recommendations on how to fix this issue.
List of locked IPs:
zynq_processing_system7_0_0
zynq_axi_smc_0
zynq_rst_ps7_0_100M_0
zynq_axi_smc_1_0

open_project: Time (s): cpu = 00:00:15 ; elapsed = 00:00:08 . Memory (MB): peak = 939.227 ; gain = 183.348
