#-----------------------------------------------------------
# Vivado v2018.2 (64-bit)
# SW Build 2258646 on Thu Jun 14 20:03:12 MDT 2018
# IP Build 2256618 on Thu Jun 14 22:10:49 MDT 2018
# Start of session at: Sun Aug  6 19:01:02 2023
# Process ID: 8648
# Current directory: C:/Users/kge7/Documents/GitHub/two_fifo/two_fifo
# Command line: vivado.exe -gui_launcher_event rodinguilauncherevent12928 C:\Users\kge7\Documents\GitHub\two_fifo\two_fifo\two_fifo.xpr
# Log file: C:/Users/kge7/Documents/GitHub/two_fifo/two_fifo/vivado.log
# Journal file: C:/Users/kge7/Documents/GitHub/two_fifo/two_fifo\vivado.jou
#-----------------------------------------------------------
Sourcing tcl script 'C:/Users/kge7/AppData/Roaming/Xilinx/Vivado/Vivado_init.tcl'
start_gui
open_project C:/Users/kge7/Documents/GitHub/two_fifo/two_fifo/two_fifo.xpr
WARNING: [Board 49-91] Board repository path 'C:XilinxVivadoÅ8.2dataoardsoard_filespynq-z2A.0' does not exist, it will not be used to search board files.
INFO: [Project 1-313] Project file moved from '/home/kenan/Documents/two_fifo/two_fifo' since last save.
Scanning sources...
Finished scanning sources
INFO: [IP_Flow 19-234] Refreshing IP repositories
INFO: [IP_Flow 19-1704] No user IP repositories specified
INFO: [IP_Flow 19-2313] Loaded Vivado IP repository 'C:/Xilinx/Vivado/2018.2/data/ip'.
open_project: Time (s): cpu = 00:00:17 ; elapsed = 00:00:10 . Memory (MB): peak = 940.551 ; gain = 178.645
update_compile_order -fileset sources_1
reset_run synth_1
launch_runs impl_1 -to_step write_bitstream -jobs 4
[Sun Aug  6 19:01:59 2023] Launched synth_1...
Run output will be captured here: C:/Users/kge7/Documents/GitHub/two_fifo/two_fifo/two_fifo.runs/synth_1/runme.log
[Sun Aug  6 19:01:59 2023] Launched impl_1...
Run output will be captured here: C:/Users/kge7/Documents/GitHub/two_fifo/two_fifo/two_fifo.runs/impl_1/runme.log
